<?xml version="1.0" encoding="UTF-8"?>
<!-- Generated by org.testng.reporters.JUnitXMLReporter -->
<testsuite ignored="8" hostname="DESKTOP-3CKMDVP" failures="0" tests="2" name="Parallel test" time="0.174" errors="0" timestamp="2025-03-21T14:45:53 IST">
  <testcase classname="com.test.basics.GroupsDemo" name="f1" time="0.026"/>
  <testcase classname="com.test.basics.GroupsDemo" name="f2" time="0.028"/>
  <testcase classname="com.test.basics.AnnotationsDemo" name="f1" time="0.0">
    <ignored/>
  </testcase> <!-- f1 -->
  <testcase classname="com.test.basics.AssertString" name="testAssertions" time="0.0">
    <ignored/>
  </testcase> <!-- testAssertions -->
  <testcase classname="com.test.basics.AssertDemo" name="verifyTitle" time="0.0">
    <ignored/>
  </testcase> <!-- verifyTitle -->
  <testcase classname="com.test.basics.GroupsDemo" name="f" time="0.0">
    <ignored/>
  </testcase> <!-- f -->
  <testcase classname="com.test.basics.NewTest" name="validation" time="0.0">
    <ignored/>
  </testcase> <!-- validation -->
  <testcase classname="com.test.basics.AnnotationsDemo" name="f" time="0.0">
    <ignored/>
  </testcase> <!-- f -->
  <testcase classname="com.test.basics.TutorialsNinja" name="verify" time="0.0">
    <ignored/>
  </testcase> <!-- verify -->
  <testcase classname="com.test.basics.AnnotationsDemo" name="f2" time="0.0">
    <ignored/>
  </testcase> <!-- f2 -->
</testsuite> <!-- Parallel test -->
