<?xml version="1.0" encoding="UTF-8"?>
<testng-results ignored="0" total="1" passed="1" failed="0" skipped="0">
  <reporter-output>
  </reporter-output>
  <suite started-at="2025-03-24T15:03:51 IST" name="OrangeHRM Test Suite" finished-at="2025-03-24T15:04:00 IST" duration-ms="9086">
    <groups>
    </groups>
    <test started-at="2025-03-24T15:03:51 IST" name="Login and Dashboard Tests" finished-at="2025-03-24T15:04:00 IST" duration-ms="9086">
      <class name="com.tests.DashboardTest">
        <test-method is-config="true" signature="setup()[pri:0, instance:com.tests.DashboardTest@38425407]" started-at="2025-03-24T15:03:51 IST" name="setup" finished-at="2025-03-24T15:03:56 IST" duration-ms="5432" status="PASS">
          <reporter-output>
          </reporter-output>
        </test-method> <!-- setup -->
        <test-method signature="testDashboard()[pri:0, instance:com.tests.DashboardTest@38425407]" started-at="2025-03-24T15:03:56 IST" name="testDashboard" finished-at="2025-03-24T15:04:00 IST" duration-ms="3574" status="PASS">
          <reporter-output>
          </reporter-output>
        </test-method> <!-- testDashboard -->
        <test-method is-config="true" signature="tearDown()[pri:0, instance:com.tests.DashboardTest@38425407]" started-at="2025-03-24T15:04:00 IST" name="tearDown" finished-at="2025-03-24T15:04:00 IST" duration-ms="14" status="PASS">
          <reporter-output>
          </reporter-output>
        </test-method> <!-- tearDown -->
      </class> <!-- com.tests.DashboardTest -->
    </test> <!-- Login and Dashboard Tests -->
  </suite> <!-- OrangeHRM Test Suite -->
</testng-results>
